<?xml version="1.0" encoding="UTF-8"?>
<testsuite name="chap3.fluent.CalculatorTest" tests="1" skipped="0" failures="0" errors="0" timestamp="2022-10-05T06:35:17" hostname="jojunhyeong-ui-iMac.local" time="0.01">
  <properties/>
  <testcase name="sum_of_two_numbers2()" classname="chap3.fluent.CalculatorTest" time="0.01"/>
  <system-out><![CDATA[]]></system-out>
  <system-err><![CDATA[]]></system-err>
</testsuite>
