<?xml version="1.0" encoding="UTF-8"?>
<testsuite name="chapter4.trivial_test.UserTest" tests="1" skipped="0" failures="0" errors="0" timestamp="2022-10-09T07:39:53" hostname="anhongbeom-ui-MacBookAir.local" time="0.013">
  <properties/>
  <testcase name="test()" classname="chapter4.trivial_test.UserTest" time="0.013"/>
  <system-out><![CDATA[]]></system-out>
  <system-err><![CDATA[]]></system-err>
</testsuite>
