<?xml version="1.0" encoding="UTF-8"?>
<testsuite name="goal.ExternalLibraryKtTest" tests="1" skipped="0" failures="0" errors="0" timestamp="2022-09-21T10:58:28" hostname="ian-anhongbeom-ui-MacBookPro.local" time="0.016">
  <properties/>
  <testcase name="test()" classname="goal.ExternalLibraryKtTest" time="0.016"/>
  <system-out><![CDATA[]]></system-out>
  <system-err><![CDATA[]]></system-err>
</testsuite>
