<?xml version="1.0" encoding="UTF-8"?>
<testsuite name="chapter4.false_positive.MessageRendererTest" tests="1" skipped="0" failures="0" errors="0" timestamp="2022-10-09T06:45:22" hostname="anhongbeom-ui-MacBookAir.local" time="0.022">
  <properties/>
  <testcase name="MessageRenderer 소스 코드를_읽고_검사()" classname="chapter4.false_positive.MessageRendererTest" time="0.022"/>
  <system-out><![CDATA[]]></system-out>
  <system-err><![CDATA[]]></system-err>
</testsuite>
