<?xml version="1.0" encoding="UTF-8"?>
<testsuite name="chapter4.brittle_test.UserRepositoryTest" tests="1" skipped="0" failures="0" errors="0" timestamp="2022-10-09T08:04:11" hostname="anhongbeom-ui-MacBookAir.local" time="0.014">
  <properties/>
  <testcase name="test()" classname="chapter4.brittle_test.UserRepositoryTest" time="0.014"/>
  <system-out><![CDATA[]]></system-out>
  <system-err><![CDATA[]]></system-err>
</testsuite>
